# JRE version: OpenJDK Runtime Environment GraalVM CE 22.3.0 (17.0.5+8) (build 17.0.5+8-jvmci-22.3-b08)
# Java VM: OpenJDK 64-Bit Server VM GraalVM CE 22.3.0 (17.0.5+8-jvmci-22.3-b08, mixed mode, sharing, tiered, jvmci, jvmci compiler, compressed oops, compressed class ptrs, parallel gc, linux-amd64)
GC Precious Log:
 CPUs: 8 total, 1 available
 Memory: 1024M
 Large Page Support: Disabled
 NUMA Support: Disabled
 Compressed Oops: Enabled (32-bit)
 Alignments: Space 512K, Generation 512K, Heap 2M
 Heap Min Capacity: 100M
 Heap Initial Capacity: 100M
 Heap Max Capacity: 512M
 Pre-touch: Disabled
 Parallel Workers: 1
Heap:
 PSYoungGen      total 63488K, used 43970K [0x00000000f5580000, 0x00000000fac00000, 0x0000000100000000)
  eden space 39424K, 99% used [0x00000000f5580000,0x00000000f7bffff8,0x00000000f7c00000)
  from space 24064K, 18% used [0x00000000f9380000,0x00000000f97f08a0,0x00000000fab00000)
  to   space 24064K, 0% used [0x00000000f7c00000,0x00000000f7c00000,0x00000000f9380000)
 ParOldGen       total 349696K, used 349695K [0x00000000e0000000, 0x00000000f5580000, 0x00000000f5580000)
  object space 349696K, 99% used [0x00000000e0000000,0x00000000f557fff8,0x00000000f5580000)
 Metaspace       used 56204K, committed 57088K, reserved 1105920K
  class space    used 5565K, committed 5952K, reserved 1048576K
GC Heap History (20 events):
Event: 1134.516 GC heap before
{Heap before GC invocations=658 (full 534):
 PSYoungGen      total 63488K, used 43969K [0x00000000f5580000, 0x00000000fac00000, 0x0000000100000000)
  eden space 39424K, 99% used [0x00000000f5580000,0x00000000f7bfff30,0x00000000f7c00000)
  from space 24064K, 18% used [0x00000000f9380000,0x00000000f97f08a0,0x00000000fab00000)
  to   space 24064K, 0% used [0x00000000f7c00000,0x00000000f7c00000,0x00000000f9380000)
 ParOldGen       total 349696K, used 349695K [0x00000000e0000000, 0x00000000f5580000, 0x00000000f5580000)
  object space 349696K, 99% used [0x00000000e0000000,0x00000000f557fe78,0x00000000f5580000)
 Metaspace       used 56203K, committed 57088K, reserved 1105920K
  class space    used 5565K, committed 5952K, reserved 1048576K
}
Event: 1136.490 GC heap after
{Heap after GC invocations=658 (full 534):
 PSYoungGen      total 63488K, used 43969K [0x00000000f5580000, 0x00000000fac00000, 0x0000000100000000)
  eden space 39424K, 99% used [0x00000000f5580000,0x00000000f7bfff30,0x00000000f7c00000)
  from space 24064K, 18% used [0x00000000f9380000,0x00000000f97f08a0,0x00000000fab00000)
  to   space 24064K, 0% used [0x00000000f7c00000,0x00000000f7c00000,0x00000000f9380000)
 ParOldGen       total 349696K, used 349694K [0x00000000e0000000, 0x00000000f5580000, 0x00000000f5580000)
  object space 349696K, 99% used [0x00000000e0000000,0x00000000f557fba8,0x00000000f5580000)
 Metaspace       used 56203K, committed 57088K, reserved 1105920K
  class space    used 5565K, committed 5952K, reserved 1048576K
}
Event: 1136.495 GC heap before
{Heap before GC invocations=659 (full 535):
 PSYoungGen      total 63488K, used 43970K [0x00000000f5580000, 0x00000000fac00000, 0x0000000100000000)
  eden space 39424K, 99% used [0x00000000f5580000,0x00000000f7bffff8,0x00000000f7c00000)
  from space 24064K, 18% used [0x00000000f9380000,0x00000000f97f08a0,0x00000000fab00000)
  to   space 24064K, 0% used [0x00000000f7c00000,0x00000000f7c00000,0x00000000f9380000)
 ParOldGen       total 349696K, used 349695K [0x00000000e0000000, 0x00000000f5580000, 0x00000000f5580000)
  object space 349696K, 99% used [0x00000000e0000000,0x00000000f557fff8,0x00000000f5580000)
 Metaspace       used 56203K, committed 57088K, reserved 1105920K
  class space    used 5565K, committed 5952K, reserved 1048576K
}
Event: 1138.626 GC heap after
{Heap after GC invocations=659 (full 535):
 PSYoungGen      total 63488K, used 43969K [0x00000000f5580000, 0x00000000fac00000, 0x0000000100000000)
  eden space 39424K, 99% used [0x00000000f5580000,0x00000000f7bfff18,0x00000000f7c00000)
  from space 24064K, 18% used [0x00000000f9380000,0x00000000f97f08a0,0x00000000fab00000)
  to   space 24064K, 0% used [0x00000000f7c00000,0x00000000f7c00000,0x00000000f9380000)
 ParOldGen       total 349696K, used 349695K [0x00000000e0000000, 0x00000000f5580000, 0x00000000f5580000)
  object space 349696K, 99% used [0x00000000e0000000,0x00000000f557fe78,0x00000000f5580000)
 Metaspace       used 56203K, committed 57088K, reserved 1105920K
  class space    used 5565K, committed 5952K, reserved 1048576K
}
Event: 1138.627 GC heap before
{Heap before GC invocations=660 (full 536):
 PSYoungGen      total 63488K, used 43970K [0x00000000f5580000, 0x00000000fac00000, 0x0000000100000000)
  eden space 39424K, 99% used [0x00000000f5580000,0x00000000f7bffff0,0x00000000f7c00000)
  from space 24064K, 18% used [0x00000000f9380000,0x00000000f97f08a0,0x00000000fab00000)
  to   space 24064K, 0% used [0x00000000f7c00000,0x00000000f7c00000,0x00000000f9380000)
 ParOldGen       total 349696K, used 349695K [0x00000000e0000000, 0x00000000f5580000, 0x00000000f5580000)
  object space 349696K, 99% used [0x00000000e0000000,0x00000000f557fe78,0x00000000f5580000)
 Metaspace       used 56203K, committed 57088K, reserved 1105920K
  class space    used 5565K, committed 5952K, reserved 1048576K
}
Event: 1141.099 GC heap after
{Heap after GC invocations=660 (full 536):
 PSYoungGen      total 63488K, used 43970K [0x00000000f5580000, 0x00000000fac00000, 0x0000000100000000)
  eden space 39424K, 99% used [0x00000000f5580000,0x00000000f7bfffd0,0x00000000f7c00000)
  from space 24064K, 18% used [0x00000000f9380000,0x00000000f97f08a0,0x00000000fab00000)
  to   space 24064K, 0% used [0x00000000f7c00000,0x00000000f7c00000,0x00000000f9380000)
 ParOldGen       total 349696K, used 349695K [0x00000000e0000000, 0x00000000f5580000, 0x00000000f5580000)
  object space 349696K, 99% used [0x00000000e0000000,0x00000000f557fe58,0x00000000f5580000)
 Metaspace       used 56203K, committed 57088K, reserved 1105920K
  class space    used 5565K, committed 5952K, reserved 1048576K
}
Event: 1141.099 GC heap before
{Heap before GC invocations=661 (full 537):
 PSYoungGen      total 63488K, used 43970K [0x00000000f5580000, 0x00000000fac00000, 0x0000000100000000)
  eden space 39424K, 99% used [0x00000000f5580000,0x00000000f7bfffe8,0x00000000f7c00000)
  from space 24064K, 18% used [0x00000000f9380000,0x00000000f97f08a0,0x00000000fab00000)
  to   space 24064K, 0% used [0x00000000f7c00000,0x00000000f7c00000,0x00000000f9380000)
 ParOldGen       total 349696K, used 349695K [0x00000000e0000000, 0x00000000f5580000, 0x00000000f5580000)
  object space 349696K, 99% used [0x00000000e0000000,0x00000000f557fe58,0x00000000f5580000)
 Metaspace       used 56203K, committed 57088K, reserved 1105920K
  class space    used 5565K, committed 5952K, reserved 1048576K
}
Event: 1143.011 GC heap after
{Heap after GC invocations=661 (full 537):
 PSYoungGen      total 63488K, used 43970K [0x00000000f5580000, 0x00000000fac00000, 0x0000000100000000)
  eden space 39424K, 99% used [0x00000000f5580000,0x00000000f7bfffe8,0x00000000f7c00000)
  from space 24064K, 18% used [0x00000000f9380000,0x00000000f97f08a0,0x00000000fab00000)
  to   space 24064K, 0% used [0x00000000f7c00000,0x00000000f7c00000,0x00000000f9380000)
 ParOldGen       total 349696K, used 349695K [0x00000000e0000000, 0x00000000f5580000, 0x00000000f5580000)
  object space 349696K, 99% used [0x00000000e0000000,0x00000000f557fe58,0x00000000f5580000)
 Metaspace       used 56203K, committed 57088K, reserved 1105920K
  class space    used 5565K, committed 5952K, reserved 1048576K
}
Event: 1143.013 GC heap before
{Heap before GC invocations=662 (full 538):
 PSYoungGen      total 63488K, used 43970K [0x00000000f5580000, 0x00000000fac00000, 0x0000000100000000)
  eden space 39424K, 99% used [0x00000000f5580000,0x00000000f7bffff8,0x00000000f7c00000)
  from space 24064K, 18% used [0x00000000f9380000,0x00000000f97f08a0,0x00000000fab00000)
  to   space 24064K, 0% used [0x00000000f7c00000,0x00000000f7c00000,0x00000000f9380000)
 ParOldGen       total 349696K, used 349695K [0x00000000e0000000, 0x00000000f5580000, 0x00000000f5580000)
  object space 349696K, 99% used [0x00000000e0000000,0x00000000f557ffa0,0x00000000f5580000)
 Metaspace       used 56204K, committed 57088K, reserved 1105920K
  class space    used 5565K, committed 5952K, reserved 1048576K
}
Event: 1145.033 GC heap after
{Heap after GC invocations=662 (full 538):
 PSYoungGen      total 63488K, used 43970K [0x00000000f5580000, 0x00000000fac00000, 0x0000000100000000)
  eden space 39424K, 99% used [0x00000000f5580000,0x00000000f7bfff90,0x00000000f7c00000)
  from space 24064K, 18% used [0x00000000f9380000,0x00000000f97f08a0,0x00000000fab00000)
  to   space 24064K, 0% used [0x00000000f7c00000,0x00000000f7c00000,0x00000000f9380000)
 ParOldGen       total 349696K, used 349695K [0x00000000e0000000, 0x00000000f5580000, 0x00000000f5580000)
  object space 349696K, 99% used [0x00000000e0000000,0x00000000f557fe80,0x00000000f5580000)
 Metaspace       used 56204K, committed 57088K, reserved 1105920K
  class space    used 5565K, committed 5952K, reserved 1048576K
}
Event: 1145.033 GC heap before
{Heap before GC invocations=663 (full 539):
 PSYoungGen      total 63488K, used 43970K [0x00000000f5580000, 0x00000000fac00000, 0x0000000100000000)
  eden space 39424K, 100% used [0x00000000f5580000,0x00000000f7c00000,0x00000000f7c00000)
  from space 24064K, 18% used [0x00000000f9380000,0x00000000f97f08a0,0x00000000fab00000)
  to   space 24064K, 0% used [0x00000000f7c00000,0x00000000f7c00000,0x00000000f9380000)
 ParOldGen       total 349696K, used 349695K [0x00000000e0000000, 0x00000000f5580000, 0x00000000f5580000)
  object space 349696K, 99% used [0x00000000e0000000,0x00000000f557fe80,0x00000000f5580000)
 Metaspace       used 56204K, committed 57088K, reserved 1105920K
  class space    used 5565K, committed 5952K, reserved 1048576K
}
Event: 1146.936 GC heap after
{Heap after GC invocations=663 (full 539):
 PSYoungGen      total 63488K, used 43970K [0x00000000f5580000, 0x00000000fac00000, 0x0000000100000000)
  eden space 39424K, 100% used [0x00000000f5580000,0x00000000f7c00000,0x00000000f7c00000)
  from space 24064K, 18% used [0x00000000f9380000,0x00000000f97f08a0,0x00000000fab00000)
  to   space 24064K, 0% used [0x00000000f7c00000,0x00000000f7c00000,0x00000000f9380000)
 ParOldGen       total 349696K, used 349695K [0x00000000e0000000, 0x00000000f5580000, 0x00000000f5580000)
  object space 349696K, 99% used [0x00000000e0000000,0x00000000f557fe80,0x00000000f5580000)
 Metaspace       used 56204K, committed 57088K, reserved 1105920K
  class space    used 5565K, committed 5952K, reserved 1048576K
}
Event: 1146.940 GC heap before
{Heap before GC invocations=664 (full 540):
 PSYoungGen      total 63488K, used 43970K [0x00000000f5580000, 0x00000000fac00000, 0x0000000100000000)
  eden space 39424K, 100% used [0x00000000f5580000,0x00000000f7c00000,0x00000000f7c00000)
  from space 24064K, 18% used [0x00000000f9380000,0x00000000f97f08a0,0x00000000fab00000)
  to   space 24064K, 0% used [0x00000000f7c00000,0x00000000f7c00000,0x00000000f9380000)
 ParOldGen       total 349696K, used 349696K [0x00000000e0000000, 0x00000000f5580000, 0x00000000f5580000)
  object space 349696K, 100% used [0x00000000e0000000,0x00000000f5580000,0x00000000f5580000)
 Metaspace       used 56204K, committed 57088K, reserved 1105920K
  class space    used 5565K, committed 5952K, reserved 1048576K
}
Event: 1148.849 GC heap after
{Heap after GC invocations=664 (full 540):
 PSYoungGen      total 63488K, used 43970K [0x00000000f5580000, 0x00000000fac00000, 0x0000000100000000)
  eden space 39424K, 100% used [0x00000000f5580000,0x00000000f7c00000,0x00000000f7c00000)
  from space 24064K, 18% used [0x00000000f9380000,0x00000000f97f08a0,0x00000000fab00000)
  to   space 24064K, 0% used [0x00000000f7c00000,0x00000000f7c00000,0x00000000f9380000)
 ParOldGen       total 349696K, used 349695K [0x00000000e0000000, 0x00000000f5580000, 0x00000000f5580000)
  object space 349696K, 99% used [0x00000000e0000000,0x00000000f557ffe0,0x00000000f5580000)
 Metaspace       used 56204K, committed 57088K, reserved 1105920K
  class space    used 5565K, committed 5952K, reserved 1048576K
}
Event: 1148.849 GC heap before
{Heap before GC invocations=665 (full 541):
 PSYoungGen      total 63488K, used 43970K [0x00000000f5580000, 0x00000000fac00000, 0x0000000100000000)
  eden space 39424K, 100% used [0x00000000f5580000,0x00000000f7c00000,0x00000000f7c00000)
  from space 24064K, 18% used [0x00000000f9380000,0x00000000f97f08a0,0x00000000fab00000)
  to   space 24064K, 0% used [0x00000000f7c00000,0x00000000f7c00000,0x00000000f9380000)
 ParOldGen       total 349696K, used 349695K [0x00000000e0000000, 0x00000000f5580000, 0x00000000f5580000)
  object space 349696K, 99% used [0x00000000e0000000,0x00000000f557fff8,0x00000000f5580000)
 Metaspace       used 56204K, committed 57088K, reserved 1105920K
  class space    used 5565K, committed 5952K, reserved 1048576K
}
Event: 1150.606 GC heap after
{Heap after GC invocations=665 (full 541):
 PSYoungGen      total 63488K, used 43970K [0x00000000f5580000, 0x00000000fac00000, 0x0000000100000000)
  eden space 39424K, 99% used [0x00000000f5580000,0x00000000f7bfffe0,0x00000000f7c00000)
  from space 24064K, 18% used [0x00000000f9380000,0x00000000f97f08a0,0x00000000fab00000)
  to   space 24064K, 0% used [0x00000000f7c00000,0x00000000f7c00000,0x00000000f9380000)
 ParOldGen       total 349696K, used 349695K [0x00000000e0000000, 0x00000000f5580000, 0x00000000f5580000)
  object space 349696K, 99% used [0x00000000e0000000,0x00000000f557fff8,0x00000000f5580000)
 Metaspace       used 56204K, committed 57088K, reserved 1105920K
  class space    used 5565K, committed 5952K, reserved 1048576K
}
Event: 1150.607 GC heap before
{Heap before GC invocations=666 (full 542):
 PSYoungGen      total 63488K, used 43970K [0x00000000f5580000, 0x00000000fac00000, 0x0000000100000000)
  eden space 39424K, 99% used [0x00000000f5580000,0x00000000f7bffff8,0x00000000f7c00000)
  from space 24064K, 18% used [0x00000000f9380000,0x00000000f97f08a0,0x00000000fab00000)
  to   space 24064K, 0% used [0x00000000f7c00000,0x00000000f7c00000,0x00000000f9380000)
 ParOldGen       total 349696K, used 349695K [0x00000000e0000000, 0x00000000f5580000, 0x00000000f5580000)
  object space 349696K, 99% used [0x00000000e0000000,0x00000000f557fff8,0x00000000f5580000)
 Metaspace       used 56204K, committed 57088K, reserved 1105920K
  class space    used 5565K, committed 5952K, reserved 1048576K
}
Event: 1152.405 GC heap after
{Heap after GC invocations=666 (full 542):
 PSYoungGen      total 63488K, used 43970K [0x00000000f5580000, 0x00000000fac00000, 0x0000000100000000)
  eden space 39424K, 99% used [0x00000000f5580000,0x00000000f7bffff8,0x00000000f7c00000)
  from space 24064K, 18% used [0x00000000f9380000,0x00000000f97f08a0,0x00000000fab00000)
  to   space 24064K, 0% used [0x00000000f7c00000,0x00000000f7c00000,0x00000000f9380000)
 ParOldGen       total 349696K, used 349695K [0x00000000e0000000, 0x00000000f5580000, 0x00000000f5580000)
  object space 349696K, 99% used [0x00000000e0000000,0x00000000f557fff8,0x00000000f5580000)
 Metaspace       used 56204K, committed 57088K, reserved 1105920K
  class space    used 5565K, committed 5952K, reserved 1048576K
}
Event: 1152.405 GC heap before
{Heap before GC invocations=667 (full 543):
 PSYoungGen      total 63488K, used 43970K [0x00000000f5580000, 0x00000000fac00000, 0x0000000100000000)
  eden space 39424K, 99% used [0x00000000f5580000,0x00000000f7bffff8,0x00000000f7c00000)
  from space 24064K, 18% used [0x00000000f9380000,0x00000000f97f08a0,0x00000000fab00000)
  to   space 24064K, 0% used [0x00000000f7c00000,0x00000000f7c00000,0x00000000f9380000)
 ParOldGen       total 349696K, used 349695K [0x00000000e0000000, 0x00000000f5580000, 0x00000000f5580000)
  object space 349696K, 99% used [0x00000000e0000000,0x00000000f557fff8,0x00000000f5580000)
 Metaspace       used 56204K, committed 57088K, reserved 1105920K
  class space    used 5565K, committed 5952K, reserved 1048576K
}
Event: 1154.217 GC heap after
{Heap after GC invocations=667 (full 543):
 PSYoungGen      total 63488K, used 43970K [0x00000000f5580000, 0x00000000fac00000, 0x0000000100000000)
  eden space 39424K, 99% used [0x00000000f5580000,0x00000000f7bffff8,0x00000000f7c00000)
  from space 24064K, 18% used [0x00000000f9380000,0x00000000f97f08a0,0x00000000fab00000)
  to   space 24064K, 0% used [0x00000000f7c00000,0x00000000f7c00000,0x00000000f9380000)
 ParOldGen       total 349696K, used 349695K [0x00000000e0000000, 0x00000000f5580000, 0x00000000f5580000)
  object space 349696K, 99% used [0x00000000e0000000,0x00000000f557fff8,0x00000000f5580000)
 Metaspace       used 56204K, committed 57088K, reserved 1105920K
  class space    used 5565K, committed 5952K, reserved 1048576K
}

